<?xml version="1.0" encoding="UTF-8"?>
<!-- Generated by org.testng.reporters.JUnitXMLReporter -->
<testsuite hostname="Igors-MacBook-Pro.local" ignored="4" name="Command line test" tests="6" failures="0" timestamp="11 May 2017 21:39:56 GMT" time="21.167" errors="0">
  <testcase name="login" time="7.457" classname="TestNGL3HW2.ByTestNG"/>
  <testcase name="test1" time="1.95" classname="TestNGL3HW2.ByTestNG"/>
  <testcase name="test2" time="0.738" classname="TestNGL3HW2.ByTestNG"/>
  <testcase name="test3" time="0.295" classname="TestNGL3HW2.ByTestNG"/>
  <testcase name="test4" time="6.663" classname="TestNGL3HW2.ByTestNG"/>
  <testcase name="test5" time="0.419" classname="TestNGL3HW2.ByTestNG"/>
  <testcase name="test7" time="0.0" classname="TestNGL3HW2.ByTestNG">
    <ignored/>
  </testcase> <!-- test7 -->
  <testcase name="test8" time="0.0" classname="TestNGL3HW2.ByTestNG">
    <ignored/>
  </testcase> <!-- test8 -->
  <testcase name="test9" time="0.0" classname="TestNGL3HW2.ByTestNG">
    <ignored/>
  </testcase> <!-- test9 -->
  <testcase name="test6" time="0.0" classname="TestNGL3HW2.ByTestNG">
    <ignored/>
  </testcase> <!-- test6 -->
</testsuite> <!-- Command line test -->
